<?xml version="1.0" encoding="UTF-8"?>
<testsuite xmlns:xsi="http://www.w3.org/2001/XMLSchema-instance" xsi:noNamespaceSchemaLocation="https://maven.apache.org/surefire/maven-surefire-plugin/xsd/surefire-test-report.xsd" name="com.example.AppTest" time="0.018" tests="1" errors="1" skipped="0" failures="0">
  <properties>
[...]
</properties>
  <testcase name="initializationError" classname="com.example.AppTest" time="0.004">
    <error message="AppTarea" type="java.lang.NoClassDefFoundError">java.lang.NoClassDefFoundError: AppTarea
Caused by: java.lang.ClassNotFoundException: AppTarea
</error>
  </testcase>
</testsuite>