<?xml version="1.0" encoding="UTF-8"?>
<testsuite xmlns:xsi="http://www.w3.org/2001/XMLSchema-instance" xsi:noNamespaceSchemaLocation="https://maven.apache.org/surefire/maven-surefire-plugin/xsd/surefire-test-report-3.0.xsd" version="3.0" name="cl.taskmanager.service.TaskManagerTest" time="0.116" tests="3" errors="0" skipped="0" failures="0">
  <properties>
[...]
</properties>
  <testcase name="shouldUpdateTask" classname="cl.taskmanager.service.TaskManagerTest" time="0.078"/>
  <testcase name="shouldCreateTask" classname="cl.taskmanager.service.TaskManagerTest" time="0.009"/>
  <testcase name="shouldDeleteTask" classname="cl.taskmanager.service.TaskManagerTest" time="0.002"/>
</testsuite>