<?xml version="1.0" encoding="UTF-8"?>
<testsuite xmlns:xsi="http://www.w3.org/2001/XMLSchema-instance" xsi:noNamespaceSchemaLocation="https://maven.apache.org/surefire/maven-surefire-plugin/xsd/surefire-test-report.xsd" name="cl.kibernum.DiscountServiceTest" time="0.034" tests="3" errors="0" skipped="0" failures="0">
  <properties>
[...]
</properties>
  <testcase name="testNoDescuentoBajo50000" classname="cl.kibernum.DiscountServiceTest" time="0.002"/>
  <testcase name="testDescuento15Porciento" classname="cl.kibernum.DiscountServiceTest" time="0.001"/>
  <testcase name="testDescuento10Porciento10" classname="cl.kibernum.DiscountServiceTest" time="0"/>
</testsuite>