<?xml version="1.0" encoding="UTF-8"?>
<testsuite xmlns:xsi="http://www.w3.org/2001/XMLSchema-instance" xsi:noNamespaceSchemaLocation="https://maven.apache.org/surefire/maven-surefire-plugin/xsd/surefire-test-report.xsd" name="cl.kibernum.DiscountServiceTest" time="0.031" tests="3" errors="0" skipped="0" failures="0">
  <properties>
[...]
</properties>
  <testcase name="noDiscountShouldApply" classname="cl.kibernum.DiscountServiceTest" time="0.001"/>
  <testcase name="shouldDiscount_10Percent" classname="cl.kibernum.DiscountServiceTest" time="0"/>
  <testcase name="shouldDiscount_15Percent" classname="cl.kibernum.DiscountServiceTest" time="0"/>
</testsuite>